<?xml version="1.0" encoding="UTF-8"?>
<testsuite xmlns:xsi="http://www.w3.org/2001/XMLSchema-instance" xsi:noNamespaceSchemaLocation="https://maven.apache.org/surefire/maven-surefire-plugin/xsd/surefire-test-report.xsd" name="edu.udacity.java.nano.ApplicationTest" time="3.973" tests="4" errors="0" skipped="0" failures="1">
  <properties>
    <property name="sun.desktop" value="windows"/>
    <property name="awt.toolkit" value="sun.awt.windows.WToolkit"/>
    <property name="file.encoding.pkg" value="sun.io"/>
    <property name="java.specification.version" value="1.8"/>
    <property name="sun.cpu.isalist" value="amd64"/>
    <property name="sun.jnu.encoding" value="Cp1252"/>
    <property name="java.class.path" value="C:\Users\mthakur.CLINFO\Dropbox\java\projects\P01-Charroom\target\test-classes;C:\Users\mthakur.CLINFO\Dropbox\java\projects\P01-Charroom\target\classes;C:\Users\mthakur.CLINFO\.m2\repository\org\springframework\boot\spring-boot-starter-web\2.0.4.RELEASE\spring-boot-starter-web-2.0.4.RELEASE.jar;C:\Users\mthakur.CLINFO\.m2\repository\org\springframework\boot\spring-boot-starter\2.0.4.RELEASE\spring-boot-starter-2.0.4.RELEASE.jar;C:\Users\mthakur.CLINFO\.m2\repository\org\springframework\boot\spring-boot-starter-logging\2.0.4.RELEASE\spring-boot-starter-logging-2.0.4.RELEASE.jar;C:\Users\mthakur.CLINFO\.m2\repository\ch\qos\logback\logback-classic\1.2.3\logback-classic-1.2.3.jar;C:\Users\mthakur.CLINFO\.m2\repository\ch\qos\logback\logback-core\1.2.3\logback-core-1.2.3.jar;C:\Users\mthakur.CLINFO\.m2\repository\org\apache\logging\log4j\log4j-to-slf4j\2.10.0\log4j-to-slf4j-2.10.0.jar;C:\Users\mthakur.CLINFO\.m2\repository\org\apache\logging\log4j\log4j-api\2.10.0\log4j-api-2.10.0.jar;C:\Users\mthakur.CLINFO\.m2\repository\org\slf4j\jul-to-slf4j\1.7.25\jul-to-slf4j-1.7.25.jar;C:\Users\mthakur.CLINFO\.m2\repository\javax\annotation\javax.annotation-api\1.3.2\javax.annotation-api-1.3.2.jar;C:\Users\mthakur.CLINFO\.m2\repository\org\yaml\snakeyaml\1.19\snakeyaml-1.19.jar;C:\Users\mthakur.CLINFO\.m2\repository\org\springframework\boot\spring-boot-starter-json\2.0.4.RELEASE\spring-boot-starter-json-2.0.4.RELEASE.jar;C:\Users\mthakur.CLINFO\.m2\repository\com\fasterxml\jackson\core\jackson-databind\2.9.6\jackson-databind-2.9.6.jar;C:\Users\mthakur.CLINFO\.m2\repository\com\fasterxml\jackson\core\jackson-annotations\2.9.0\jackson-annotations-2.9.0.jar;C:\Users\mthakur.CLINFO\.m2\repository\com\fasterxml\jackson\datatype\jackson-datatype-jdk8\2.9.6\jackson-datatype-jdk8-2.9.6.jar;C:\Users\mthakur.CLINFO\.m2\repository\com\fasterxml\jackson\datatype\jackson-datatype-jsr310\2.9.6\jackson-datatype-jsr310-2.9.6.jar;C:\Users\mthakur.CLINFO\.m2\repository\com\fasterxml\jackson\module\jackson-module-parameter-names\2.9.6\jackson-module-parameter-names-2.9.6.jar;C:\Users\mthakur.CLINFO\.m2\repository\org\springframework\boot\spring-boot-starter-tomcat\2.0.4.RELEASE\spring-boot-starter-tomcat-2.0.4.RELEASE.jar;C:\Users\mthakur.CLINFO\.m2\repository\org\apache\tomcat\embed\tomcat-embed-core\8.5.32\tomcat-embed-core-8.5.32.jar;C:\Users\mthakur.CLINFO\.m2\repository\org\apache\tomcat\embed\tomcat-embed-el\8.5.32\tomcat-embed-el-8.5.32.jar;C:\Users\mthakur.CLINFO\.m2\repository\org\apache\tomcat\embed\tomcat-embed-websocket\8.5.32\tomcat-embed-websocket-8.5.32.jar;C:\Users\mthakur.CLINFO\.m2\repository\org\hibernate\validator\hibernate-validator\6.0.11.Final\hibernate-validator-6.0.11.Final.jar;C:\Users\mthakur.CLINFO\.m2\repository\javax\validation\validation-api\2.0.1.Final\validation-api-2.0.1.Final.jar;C:\Users\mthakur.CLINFO\.m2\repository\org\jboss\logging\jboss-logging\3.3.2.Final\jboss-logging-3.3.2.Final.jar;C:\Users\mthakur.CLINFO\.m2\repository\com\fasterxml\classmate\1.3.4\classmate-1.3.4.jar;C:\Users\mthakur.CLINFO\.m2\repository\org\springframework\spring-web\5.0.8.RELEASE\spring-web-5.0.8.RELEASE.jar;C:\Users\mthakur.CLINFO\.m2\repository\org\springframework\spring-beans\5.0.8.RELEASE\spring-beans-5.0.8.RELEASE.jar;C:\Users\mthakur.CLINFO\.m2\repository\org\springframework\spring-webmvc\5.0.8.RELEASE\spring-webmvc-5.0.8.RELEASE.jar;C:\Users\mthakur.CLINFO\.m2\repository\org\springframework\spring-aop\5.0.8.RELEASE\spring-aop-5.0.8.RELEASE.jar;C:\Users\mthakur.CLINFO\.m2\repository\org\springframework\spring-context\5.0.8.RELEASE\spring-context-5.0.8.RELEASE.jar;C:\Users\mthakur.CLINFO\.m2\repository\org\springframework\spring-expression\5.0.8.RELEASE\spring-expression-5.0.8.RELEASE.jar;C:\Users\mthakur.CLINFO\.m2\repository\org\springframework\boot\spring-boot-starter-websocket\2.0.4.RELEASE\spring-boot-starter-websocket-2.0.4.RELEASE.jar;C:\Users\mthakur.CLINFO\.m2\repository\org\springframework\spring-messaging\5.0.8.RELEASE\spring-messaging-5.0.8.RELEASE.jar;C:\Users\mthakur.CLINFO\.m2\repository\org\springframework\spring-websocket\5.0.8.RELEASE\spring-websocket-5.0.8.RELEASE.jar;C:\Users\mthakur.CLINFO\.m2\repository\org\springframework\boot\spring-boot-starter-thymeleaf\2.0.4.RELEASE\spring-boot-starter-thymeleaf-2.0.4.RELEASE.jar;C:\Users\mthakur.CLINFO\.m2\repository\org\thymeleaf\thymeleaf-spring5\3.0.9.RELEASE\thymeleaf-spring5-3.0.9.RELEASE.jar;C:\Users\mthakur.CLINFO\.m2\repository\org\thymeleaf\thymeleaf\3.0.9.RELEASE\thymeleaf-3.0.9.RELEASE.jar;C:\Users\mthakur.CLINFO\.m2\repository\org\attoparser\attoparser\2.0.4.RELEASE\attoparser-2.0.4.RELEASE.jar;C:\Users\mthakur.CLINFO\.m2\repository\org\unbescape\unbescape\1.1.5.RELEASE\unbescape-1.1.5.RELEASE.jar;C:\Users\mthakur.CLINFO\.m2\repository\org\thymeleaf\extras\thymeleaf-extras-java8time\3.0.1.RELEASE\thymeleaf-extras-java8time-3.0.1.RELEASE.jar;C:\Users\mthakur.CLINFO\.m2\repository\org\webjars\webjars-locator-core\0.35\webjars-locator-core-0.35.jar;C:\Users\mthakur.CLINFO\.m2\repository\org\slf4j\slf4j-api\1.7.25\slf4j-api-1.7.25.jar;C:\Users\mthakur.CLINFO\.m2\repository\org\apache\commons\commons-lang3\3.7\commons-lang3-3.7.jar;C:\Users\mthakur.CLINFO\.m2\repository\org\apache\commons\commons-compress\1.9\commons-compress-1.9.jar;C:\Users\mthakur.CLINFO\.m2\repository\com\fasterxml\jackson\core\jackson-core\2.9.6\jackson-core-2.9.6.jar;C:\Users\mthakur.CLINFO\.m2\repository\org\webjars\npm\mdui\0.4.0\mdui-0.4.0.jar;C:\Users\mthakur.CLINFO\.m2\repository\org\webjars\jquery\3.3.1\jquery-3.3.1.jar;C:\Users\mthakur.CLINFO\.m2\repository\org\springframework\boot\spring-boot-devtools\2.0.4.RELEASE\spring-boot-devtools-2.0.4.RELEASE.jar;C:\Users\mthakur.CLINFO\.m2\repository\org\springframework\boot\spring-boot\2.0.4.RELEASE\spring-boot-2.0.4.RELEASE.jar;C:\Users\mthakur.CLINFO\.m2\repository\org\springframework\boot\spring-boot-autoconfigure\2.0.4.RELEASE\spring-boot-autoconfigure-2.0.4.RELEASE.jar;C:\Users\mthakur.CLINFO\.m2\repository\com\alibaba\fastjson\1.2.49\fastjson-1.2.49.jar;C:\Users\mthakur.CLINFO\.m2\repository\org\springframework\boot\spring-boot-starter-test\2.0.4.RELEASE\spring-boot-starter-test-2.0.4.RELEASE.jar;C:\Users\mthakur.CLINFO\.m2\repository\org\springframework\boot\spring-boot-test\2.0.4.RELEASE\spring-boot-test-2.0.4.RELEASE.jar;C:\Users\mthakur.CLINFO\.m2\repository\org\springframework\boot\spring-boot-test-autoconfigure\2.0.4.RELEASE\spring-boot-test-autoconfigure-2.0.4.RELEASE.jar;C:\Users\mthakur.CLINFO\.m2\repository\com\jayway\jsonpath\json-path\2.4.0\json-path-2.4.0.jar;C:\Users\mthakur.CLINFO\.m2\repository\net\minidev\json-smart\2.3\json-smart-2.3.jar;C:\Users\mthakur.CLINFO\.m2\repository\net\minidev\accessors-smart\1.2\accessors-smart-1.2.jar;C:\Users\mthakur.CLINFO\.m2\repository\org\ow2\asm\asm\5.0.4\asm-5.0.4.jar;C:\Users\mthakur.CLINFO\.m2\repository\junit\junit\4.12\junit-4.12.jar;C:\Users\mthakur.CLINFO\.m2\repository\org\assertj\assertj-core\3.9.1\assertj-core-3.9.1.jar;C:\Users\mthakur.CLINFO\.m2\repository\org\mockito\mockito-core\2.15.0\mockito-core-2.15.0.jar;C:\Users\mthakur.CLINFO\.m2\repository\net\bytebuddy\byte-buddy\1.7.11\byte-buddy-1.7.11.jar;C:\Users\mthakur.CLINFO\.m2\repository\net\bytebuddy\byte-buddy-agent\1.7.11\byte-buddy-agent-1.7.11.jar;C:\Users\mthakur.CLINFO\.m2\repository\org\objenesis\objenesis\2.6\objenesis-2.6.jar;C:\Users\mthakur.CLINFO\.m2\repository\org\hamcrest\hamcrest-core\1.3\hamcrest-core-1.3.jar;C:\Users\mthakur.CLINFO\.m2\repository\org\hamcrest\hamcrest-library\1.3\hamcrest-library-1.3.jar;C:\Users\mthakur.CLINFO\.m2\repository\org\skyscreamer\jsonassert\1.5.0\jsonassert-1.5.0.jar;C:\Users\mthakur.CLINFO\.m2\repository\com\vaadin\external\google\android-json\0.0.20131108.vaadin1\android-json-0.0.20131108.vaadin1.jar;C:\Users\mthakur.CLINFO\.m2\repository\org\springframework\spring-core\5.0.8.RELEASE\spring-core-5.0.8.RELEASE.jar;C:\Users\mthakur.CLINFO\.m2\repository\org\springframework\spring-jcl\5.0.8.RELEASE\spring-jcl-5.0.8.RELEASE.jar;C:\Users\mthakur.CLINFO\.m2\repository\org\springframework\spring-test\5.0.8.RELEASE\spring-test-5.0.8.RELEASE.jar;C:\Users\mthakur.CLINFO\.m2\repository\org\xmlunit\xmlunit-core\2.5.1\xmlunit-core-2.5.1.jar;"/>
    <property name="java.vm.vendor" value="Oracle Corporation"/>
    <property name="sun.arch.data.model" value="64"/>
    <property name="user.variant" value=""/>
    <property name="java.vendor.url" value="http://java.oracle.com/"/>
    <property name="user.timezone" value=""/>
    <property name="java.vm.specification.version" value="1.8"/>
    <property name="os.name" value="Windows 10"/>
    <property name="user.country" value="US"/>
    <property name="sun.java.launcher" value="SUN_STANDARD"/>
    <property name="sun.boot.library.path" value="C:\Program Files\Java\jdk1.8.0_161\jre\bin"/>
    <property name="sun.java.command" value="C:\Users\MTHAKU~1.CLI\AppData\Local\Temp\surefire4242950156328248236\surefirebooter2107298725485981520.jar C:\Users\mthakur.CLINFO\AppData\Local\Temp\surefire4242950156328248236 2019-09-10T10-25-05_116-jvmRun1 surefire5453143128912017420tmp surefire_07120348820665489915tmp"/>
    <property name="surefire.test.class.path" value="C:\Users\mthakur.CLINFO\Dropbox\java\projects\P01-Charroom\target\test-classes;C:\Users\mthakur.CLINFO\Dropbox\java\projects\P01-Charroom\target\classes;C:\Users\mthakur.CLINFO\.m2\repository\org\springframework\boot\spring-boot-starter-web\2.0.4.RELEASE\spring-boot-starter-web-2.0.4.RELEASE.jar;C:\Users\mthakur.CLINFO\.m2\repository\org\springframework\boot\spring-boot-starter\2.0.4.RELEASE\spring-boot-starter-2.0.4.RELEASE.jar;C:\Users\mthakur.CLINFO\.m2\repository\org\springframework\boot\spring-boot-starter-logging\2.0.4.RELEASE\spring-boot-starter-logging-2.0.4.RELEASE.jar;C:\Users\mthakur.CLINFO\.m2\repository\ch\qos\logback\logback-classic\1.2.3\logback-classic-1.2.3.jar;C:\Users\mthakur.CLINFO\.m2\repository\ch\qos\logback\logback-core\1.2.3\logback-core-1.2.3.jar;C:\Users\mthakur.CLINFO\.m2\repository\org\apache\logging\log4j\log4j-to-slf4j\2.10.0\log4j-to-slf4j-2.10.0.jar;C:\Users\mthakur.CLINFO\.m2\repository\org\apache\logging\log4j\log4j-api\2.10.0\log4j-api-2.10.0.jar;C:\Users\mthakur.CLINFO\.m2\repository\org\slf4j\jul-to-slf4j\1.7.25\jul-to-slf4j-1.7.25.jar;C:\Users\mthakur.CLINFO\.m2\repository\javax\annotation\javax.annotation-api\1.3.2\javax.annotation-api-1.3.2.jar;C:\Users\mthakur.CLINFO\.m2\repository\org\yaml\snakeyaml\1.19\snakeyaml-1.19.jar;C:\Users\mthakur.CLINFO\.m2\repository\org\springframework\boot\spring-boot-starter-json\2.0.4.RELEASE\spring-boot-starter-json-2.0.4.RELEASE.jar;C:\Users\mthakur.CLINFO\.m2\repository\com\fasterxml\jackson\core\jackson-databind\2.9.6\jackson-databind-2.9.6.jar;C:\Users\mthakur.CLINFO\.m2\repository\com\fasterxml\jackson\core\jackson-annotations\2.9.0\jackson-annotations-2.9.0.jar;C:\Users\mthakur.CLINFO\.m2\repository\com\fasterxml\jackson\datatype\jackson-datatype-jdk8\2.9.6\jackson-datatype-jdk8-2.9.6.jar;C:\Users\mthakur.CLINFO\.m2\repository\com\fasterxml\jackson\datatype\jackson-datatype-jsr310\2.9.6\jackson-datatype-jsr310-2.9.6.jar;C:\Users\mthakur.CLINFO\.m2\repository\com\fasterxml\jackson\module\jackson-module-parameter-names\2.9.6\jackson-module-parameter-names-2.9.6.jar;C:\Users\mthakur.CLINFO\.m2\repository\org\springframework\boot\spring-boot-starter-tomcat\2.0.4.RELEASE\spring-boot-starter-tomcat-2.0.4.RELEASE.jar;C:\Users\mthakur.CLINFO\.m2\repository\org\apache\tomcat\embed\tomcat-embed-core\8.5.32\tomcat-embed-core-8.5.32.jar;C:\Users\mthakur.CLINFO\.m2\repository\org\apache\tomcat\embed\tomcat-embed-el\8.5.32\tomcat-embed-el-8.5.32.jar;C:\Users\mthakur.CLINFO\.m2\repository\org\apache\tomcat\embed\tomcat-embed-websocket\8.5.32\tomcat-embed-websocket-8.5.32.jar;C:\Users\mthakur.CLINFO\.m2\repository\org\hibernate\validator\hibernate-validator\6.0.11.Final\hibernate-validator-6.0.11.Final.jar;C:\Users\mthakur.CLINFO\.m2\repository\javax\validation\validation-api\2.0.1.Final\validation-api-2.0.1.Final.jar;C:\Users\mthakur.CLINFO\.m2\repository\org\jboss\logging\jboss-logging\3.3.2.Final\jboss-logging-3.3.2.Final.jar;C:\Users\mthakur.CLINFO\.m2\repository\com\fasterxml\classmate\1.3.4\classmate-1.3.4.jar;C:\Users\mthakur.CLINFO\.m2\repository\org\springframework\spring-web\5.0.8.RELEASE\spring-web-5.0.8.RELEASE.jar;C:\Users\mthakur.CLINFO\.m2\repository\org\springframework\spring-beans\5.0.8.RELEASE\spring-beans-5.0.8.RELEASE.jar;C:\Users\mthakur.CLINFO\.m2\repository\org\springframework\spring-webmvc\5.0.8.RELEASE\spring-webmvc-5.0.8.RELEASE.jar;C:\Users\mthakur.CLINFO\.m2\repository\org\springframework\spring-aop\5.0.8.RELEASE\spring-aop-5.0.8.RELEASE.jar;C:\Users\mthakur.CLINFO\.m2\repository\org\springframework\spring-context\5.0.8.RELEASE\spring-context-5.0.8.RELEASE.jar;C:\Users\mthakur.CLINFO\.m2\repository\org\springframework\spring-expression\5.0.8.RELEASE\spring-expression-5.0.8.RELEASE.jar;C:\Users\mthakur.CLINFO\.m2\repository\org\springframework\boot\spring-boot-starter-websocket\2.0.4.RELEASE\spring-boot-starter-websocket-2.0.4.RELEASE.jar;C:\Users\mthakur.CLINFO\.m2\repository\org\springframework\spring-messaging\5.0.8.RELEASE\spring-messaging-5.0.8.RELEASE.jar;C:\Users\mthakur.CLINFO\.m2\repository\org\springframework\spring-websocket\5.0.8.RELEASE\spring-websocket-5.0.8.RELEASE.jar;C:\Users\mthakur.CLINFO\.m2\repository\org\springframework\boot\spring-boot-starter-thymeleaf\2.0.4.RELEASE\spring-boot-starter-thymeleaf-2.0.4.RELEASE.jar;C:\Users\mthakur.CLINFO\.m2\repository\org\thymeleaf\thymeleaf-spring5\3.0.9.RELEASE\thymeleaf-spring5-3.0.9.RELEASE.jar;C:\Users\mthakur.CLINFO\.m2\repository\org\thymeleaf\thymeleaf\3.0.9.RELEASE\thymeleaf-3.0.9.RELEASE.jar;C:\Users\mthakur.CLINFO\.m2\repository\org\attoparser\attoparser\2.0.4.RELEASE\attoparser-2.0.4.RELEASE.jar;C:\Users\mthakur.CLINFO\.m2\repository\org\unbescape\unbescape\1.1.5.RELEASE\unbescape-1.1.5.RELEASE.jar;C:\Users\mthakur.CLINFO\.m2\repository\org\thymeleaf\extras\thymeleaf-extras-java8time\3.0.1.RELEASE\thymeleaf-extras-java8time-3.0.1.RELEASE.jar;C:\Users\mthakur.CLINFO\.m2\repository\org\webjars\webjars-locator-core\0.35\webjars-locator-core-0.35.jar;C:\Users\mthakur.CLINFO\.m2\repository\org\slf4j\slf4j-api\1.7.25\slf4j-api-1.7.25.jar;C:\Users\mthakur.CLINFO\.m2\repository\org\apache\commons\commons-lang3\3.7\commons-lang3-3.7.jar;C:\Users\mthakur.CLINFO\.m2\repository\org\apache\commons\commons-compress\1.9\commons-compress-1.9.jar;C:\Users\mthakur.CLINFO\.m2\repository\com\fasterxml\jackson\core\jackson-core\2.9.6\jackson-core-2.9.6.jar;C:\Users\mthakur.CLINFO\.m2\repository\org\webjars\npm\mdui\0.4.0\mdui-0.4.0.jar;C:\Users\mthakur.CLINFO\.m2\repository\org\webjars\jquery\3.3.1\jquery-3.3.1.jar;C:\Users\mthakur.CLINFO\.m2\repository\org\springframework\boot\spring-boot-devtools\2.0.4.RELEASE\spring-boot-devtools-2.0.4.RELEASE.jar;C:\Users\mthakur.CLINFO\.m2\repository\org\springframework\boot\spring-boot\2.0.4.RELEASE\spring-boot-2.0.4.RELEASE.jar;C:\Users\mthakur.CLINFO\.m2\repository\org\springframework\boot\spring-boot-autoconfigure\2.0.4.RELEASE\spring-boot-autoconfigure-2.0.4.RELEASE.jar;C:\Users\mthakur.CLINFO\.m2\repository\com\alibaba\fastjson\1.2.49\fastjson-1.2.49.jar;C:\Users\mthakur.CLINFO\.m2\repository\org\springframework\boot\spring-boot-starter-test\2.0.4.RELEASE\spring-boot-starter-test-2.0.4.RELEASE.jar;C:\Users\mthakur.CLINFO\.m2\repository\org\springframework\boot\spring-boot-test\2.0.4.RELEASE\spring-boot-test-2.0.4.RELEASE.jar;C:\Users\mthakur.CLINFO\.m2\repository\org\springframework\boot\spring-boot-test-autoconfigure\2.0.4.RELEASE\spring-boot-test-autoconfigure-2.0.4.RELEASE.jar;C:\Users\mthakur.CLINFO\.m2\repository\com\jayway\jsonpath\json-path\2.4.0\json-path-2.4.0.jar;C:\Users\mthakur.CLINFO\.m2\repository\net\minidev\json-smart\2.3\json-smart-2.3.jar;C:\Users\mthakur.CLINFO\.m2\repository\net\minidev\accessors-smart\1.2\accessors-smart-1.2.jar;C:\Users\mthakur.CLINFO\.m2\repository\org\ow2\asm\asm\5.0.4\asm-5.0.4.jar;C:\Users\mthakur.CLINFO\.m2\repository\junit\junit\4.12\junit-4.12.jar;C:\Users\mthakur.CLINFO\.m2\repository\org\assertj\assertj-core\3.9.1\assertj-core-3.9.1.jar;C:\Users\mthakur.CLINFO\.m2\repository\org\mockito\mockito-core\2.15.0\mockito-core-2.15.0.jar;C:\Users\mthakur.CLINFO\.m2\repository\net\bytebuddy\byte-buddy\1.7.11\byte-buddy-1.7.11.jar;C:\Users\mthakur.CLINFO\.m2\repository\net\bytebuddy\byte-buddy-agent\1.7.11\byte-buddy-agent-1.7.11.jar;C:\Users\mthakur.CLINFO\.m2\repository\org\objenesis\objenesis\2.6\objenesis-2.6.jar;C:\Users\mthakur.CLINFO\.m2\repository\org\hamcrest\hamcrest-core\1.3\hamcrest-core-1.3.jar;C:\Users\mthakur.CLINFO\.m2\repository\org\hamcrest\hamcrest-library\1.3\hamcrest-library-1.3.jar;C:\Users\mthakur.CLINFO\.m2\repository\org\skyscreamer\jsonassert\1.5.0\jsonassert-1.5.0.jar;C:\Users\mthakur.CLINFO\.m2\repository\com\vaadin\external\google\android-json\0.0.20131108.vaadin1\android-json-0.0.20131108.vaadin1.jar;C:\Users\mthakur.CLINFO\.m2\repository\org\springframework\spring-core\5.0.8.RELEASE\spring-core-5.0.8.RELEASE.jar;C:\Users\mthakur.CLINFO\.m2\repository\org\springframework\spring-jcl\5.0.8.RELEASE\spring-jcl-5.0.8.RELEASE.jar;C:\Users\mthakur.CLINFO\.m2\repository\org\springframework\spring-test\5.0.8.RELEASE\spring-test-5.0.8.RELEASE.jar;C:\Users\mthakur.CLINFO\.m2\repository\org\xmlunit\xmlunit-core\2.5.1\xmlunit-core-2.5.1.jar;"/>
    <property name="sun.cpu.endian" value="little"/>
    <property name="user.home" value="C:\Users\mthakur.CLINFO"/>
    <property name="user.language" value="en"/>
    <property name="java.specification.vendor" value="Oracle Corporation"/>
    <property name="java.home" value="C:\Program Files\Java\jdk1.8.0_161\jre"/>
    <property name="basedir" value="C:\Users\mthakur.CLINFO\Dropbox\java\projects\P01-Charroom"/>
    <property name="file.separator" value="\"/>
    <property name="line.separator" value="&#10;"/>
    <property name="java.vm.specification.vendor" value="Oracle Corporation"/>
    <property name="java.specification.name" value="Java Platform API Specification"/>
    <property name="java.awt.graphicsenv" value="sun.awt.Win32GraphicsEnvironment"/>
    <property name="surefire.real.class.path" value="C:\Users\MTHAKU~1.CLI\AppData\Local\Temp\surefire4242950156328248236\surefirebooter2107298725485981520.jar"/>
    <property name="sun.boot.class.path" value="C:\Program Files\Java\jdk1.8.0_161\jre\lib\resources.jar;C:\Program Files\Java\jdk1.8.0_161\jre\lib\rt.jar;C:\Program Files\Java\jdk1.8.0_161\jre\lib\sunrsasign.jar;C:\Program Files\Java\jdk1.8.0_161\jre\lib\jsse.jar;C:\Program Files\Java\jdk1.8.0_161\jre\lib\jce.jar;C:\Program Files\Java\jdk1.8.0_161\jre\lib\charsets.jar;C:\Program Files\Java\jdk1.8.0_161\jre\lib\jfr.jar;C:\Program Files\Java\jdk1.8.0_161\jre\classes"/>
    <property name="user.script" value=""/>
    <property name="sun.management.compiler" value="HotSpot 64-Bit Tiered Compilers"/>
    <property name="java.runtime.version" value="1.8.0_161-b12"/>
    <property name="user.name" value="mthakur"/>
    <property name="path.separator" value=";"/>
    <property name="os.version" value="10.0"/>
    <property name="java.endorsed.dirs" value="C:\Program Files\Java\jdk1.8.0_161\jre\lib\endorsed"/>
    <property name="java.runtime.name" value="Java(TM) SE Runtime Environment"/>
    <property name="file.encoding" value="Cp1252"/>
    <property name="java.vm.name" value="Java HotSpot(TM) 64-Bit Server VM"/>
    <property name="localRepository" value="C:\Users\mthakur.CLINFO\.m2\repository"/>
    <property name="java.vendor.url.bug" value="http://bugreport.sun.com/bugreport/"/>
    <property name="java.io.tmpdir" value="C:\Users\MTHAKU~1.CLI\AppData\Local\Temp\"/>
    <property name="idea.version" value="2018.1"/>
    <property name="java.version" value="1.8.0_161"/>
    <property name="user.dir" value="C:\Users\mthakur.CLINFO\Dropbox\java\projects\P01-Charroom"/>
    <property name="os.arch" value="amd64"/>
    <property name="java.vm.specification.name" value="Java Virtual Machine Specification"/>
    <property name="java.awt.printerjob" value="sun.awt.windows.WPrinterJob"/>
    <property name="sun.os.patch.level" value=""/>
    <property name="java.library.path" value="C:\Program Files\Java\jdk1.8.0_161\jre\bin;C:\WINDOWS\Sun\Java\bin;C:\WINDOWS\system32;C:\WINDOWS;C:\Program Files (x86)\Common Files\Oracle\Java\javapath;C:\ProgramData\Oracle\Java\javapath;C:\Program Files (x86)\Intel\iCLS Client\;C:\Program Files\Intel\iCLS Client\;c:\Program Files (x86)\AMD APP\bin\x86_64;c:\Program Files (x86)\AMD APP\bin\x86;C:\WINDOWS\system32;C:\WINDOWS;C:\WINDOWS\System32\Wbem;C:\WINDOWS\System32\WindowsPowerShell\v1.0\;c:\Program Files (x86)\ATI Technologies\ATI.ACE\Core-Static;C:\Program Files\Intel\Intel(R) Management Engine Components\DAL;C:\Program Files\Intel\Intel(R) Management Engine Components\IPT;C:\Program Files (x86)\Intel\Intel(R) Management Engine Components\DAL;C:\Program Files (x86)\Intel\Intel(R) Management Engine Components\IPT;C:\Program Files (x86)\Git\cmd;C:\java\tools\apache-maven-2.2.1\bin_;C:\Program Files\TortoiseSVN\bin;C:\java\tools\ant\apache-ant-1.9.3\bin;C:\java\glassfish\glassfish3\bin;C:\Program Files (x86)\Git\bin;C:\Program Files\nodejs\;C:\java\tools\instantclient-sqlplus-nt-12.2.0.1.0\instantclient_12_2;C:\java\tools\apache-maven-3.5.3\bin;;C:\WINDOWS\System32\OpenSSH\;C:\Users\mthakur.CLINFO\AppData\Local\Programs\Python\Python35-32\Scripts\;C:\Users\mthakur.CLINFO\AppData\Local\Programs\Python\Python35-32\;C:\Program Files\Docker Toolbox;C:\Users\mthakur.CLINFO\AppData\Local\Microsoft\WindowsApps;C:\Program Files\Java\jdk1.7.0_51\bin_;C:\Program Files\TortoiseSVN\bin;C:\Program Files\Git\bin;C:\WINDOWS\system32;C:\Users\mthakur.CLINFO\AppData\Roaming\npm;C:\Program Files\Java\jdk1.6.0_25\bin_;C:\java\chromedriver;;."/>
    <property name="java.vm.info" value="mixed mode"/>
    <property name="java.vendor" value="Oracle Corporation"/>
    <property name="java.vm.version" value="25.161-b12"/>
    <property name="java.ext.dirs" value="C:\Program Files\Java\jdk1.8.0_161\jre\lib\ext;C:\WINDOWS\Sun\Java\lib\ext"/>
    <property name="sun.io.unicode.encoding" value="UnicodeLittle"/>
    <property name="java.class.version" value="52.0"/>
  </properties>
  <testcase name="userJoin" classname="edu.udacity.java.nano.ApplicationTest" time="0.501"/>
  <testcase name="chat" classname="edu.udacity.java.nano.ApplicationTest" time="0.018">
    <failure message="View name expected:&lt;chadf&gt; but was:&lt;chat&gt;" type="java.lang.AssertionError"><![CDATA[java.lang.AssertionError: View name expected:<chadf> but was:<chat>
	at edu.udacity.java.nano.ApplicationTest.chat(ApplicationTest.java:41)
]]></failure>
    <system-out><![CDATA[
MockHttpServletRequest:
      HTTP Method = GET
      Request URI = /index
       Parameters = {username=[user01]}
          Headers = {}
             Body = null
    Session Attrs = {}

Handler:
             Type = edu.udacity.java.nano.WebSocketChatApplication
           Method = public org.springframework.web.servlet.ModelAndView edu.udacity.java.nano.WebSocketChatApplication.index(java.lang.String,javax.servlet.http.HttpServletRequest) throws java.net.UnknownHostException

Async:
    Async started = false
     Async result = null

Resolved Exception:
             Type = null

ModelAndView:
        View name = chat
             View = null
        Attribute = username
            value = user01

FlashMap:
       Attributes = null

MockHttpServletResponse:
           Status = 200
    Error message = null
          Headers = {Content-Language=[en], Content-Type=[text/html;charset=UTF-8]}
     Content type = text/html;charset=UTF-8
             Body = <!DOCTYPE html>
<html>
<head>
    <title>Chat Room</title>
    <meta charset="utf-8" name="viewport" content="width=device-width">
    <link rel="stylesheet" href="/webjars/mdui/0.4.0/dist/css/mdui.css">
    <script src="/webjars/jquery/3.3.1/jquery.min.js"></script>
    <script src="/webjars/mdui/0.4.0/dist/js/mdui.js"></script>
</head>
<body class="mdui-theme-primary-indigo mdui-theme-accent-pink">

<div style="margin-left:20px;margin-right:20px">
    <div class="mdui-toolbar mdui-color-theme">
        <span class="mdui-typo-title">Chat Room</span>
        <div class="mdui-toolbar-spacer"></div>
        <a class="mdui-btn mdui-btn-icon" href="/logout">
            <i class="mdui-icon material-icons">exit_to_app</i>
        </a>
    </div>
</div>

<div style="margin-left:20px;margin-right:20px">
    <div class="container_text">
        <div class="mdui-row">
            <div class="mdui-col-xs-12 mdui-col-sm-6">
                <div class="mdui-col-xs-12 mdui-col-sm-10">
                    <div class="mdui-textfield-floating-label" style="margin-top:15px">
                        <i class="mdui-icon">Welcome?</i>
                        <i class="mdui-icon" id="username">user01</i>
                    </div>
                </div>
                <div class="mdui-col-xs-12 mdui-col-sm-10">
                    <div class="mdui-textfield mdui-textfield-floating-label">
                        <i class="mdui-icon material-icons">textsms</i>
                        <label class="mdui-textfield-label">Send Text</label>
                        <input class="mdui-textfield-input" id="msg"/>
                    </div>
                    <div class="mdui-container" style="padding:20px 35px">
                        <button class="mdui-btn mdui-color-theme mdui-ripple"
                                onclick="sendMsgToServer()">Send [Enter]
                        </button>
                        <button class="mdui-btn mdui-color-theme mdui-ripple"
                                onclick="clearMsg()">Clear
                        </button>
                    </div>
                </div>
            </div>

            <div class="mdui-col-xs-6 mdui-col-sm-5" style="padding:10px 0">
                <div class="mdui-chip">
                    <span class="mdui-chip-icon mdui-color-blue">
                        <i class="mdui-icon material-icons">&#xe420;</i></span>
                    <span class="mdui-chip-title">Content</span>
                </div>

                <div class="mdui-chip">
                    <span class="mdui-chip-icon mdui-color-blue">
                        <i class="mdui-icon material-icons">face</i>
                    </span>
                    <span class="chat-num"></span>
                    <span class="mdui-chip-title">Online Users</span>
                </div>
                <div class="message-container" id="message-container"/>
            </div>
        </div>
    </div>
</div>

<script>

    /**
     * WebSocket Client
     *
     * 1?WebSocket client receive messages with callback. example?webSocket.onmessage
     * 2?WebSocket client send message to server. example?webSocket.send();
     */
    function getWebSocket() {
        /**
         * WebSocket client PS?URL shows WebSocket protocal, port number, and then end point.
         */
        var webSocket = new WebSocket('ws://localhost:8080/chat');
        /**
         * websocket open connection.
         */
        webSocket.onopen = function (event) {
            console.log('WebSocket open connection');
        };

        /**
         * Server send 1) broadcast message, 2) online users.
         */
        webSocket.onmessage = function (event) {
            console.log('WebSocket Receives?%c' + event.data, 'color:green');
            //Receive Message from Server
            var message = JSON.parse(event.data) || {};
            var messageContainer = $('.message-container');
            if (message.type === 'SPEAK') {
                messageContainer.append(
                    '<div class="mdui-card" style="margin: 10px 0;">' +
                    '<div class="mdui-card-primary">' +
                    '<div class="mdui-card-content message-content">' + message.username + "?" + message.msg + '</div>' +
                    '</div></div>');
            }
            $('.chat-num').text(message.onlineCount);
            var $cards = messageContainer.children('.mdui-card:visible').toArray();
            if ($cards.length > 5) {
                $cards.forEach(function (item, index) {
                    index < $cards.length - 5 && $(item).slideUp('fast');
                });
            }
        };

        /**
         * Close connection
         */
        webSocket.onclose = function (event) {
            console.log('WebSocket close connection.');
        };

        /**
         * Exception
         */
        webSocket.onerror = function (event) {
            console.log('WebSocket exception.');
        };
        return webSocket;
    }

    var webSocket = getWebSocket();


    /**
     * Send messages to server use webSocket.
     */
    function sendMsgToServer() {
        var $message = $('#msg');
        if ($message.val()) {
            webSocket.send(JSON.stringify({username: $('#username').text(), msg: $message.val()}));
            $message.val(null);
        }
    }

    /**
     * Clear screen
     */
    function clearMsg() {
        $(".message-container").empty();
    }

    /**
     * Enter to send message.
     */
    document.onkeydown = function (event) {
        var e = event || window.event || arguments.callee.caller.arguments[0];
        e.keyCode === 13 && sendMsgToServer();
    };

</script>

</body>
</html>



    Forwarded URL = null
   Redirected URL = null
          Cookies = []

MockHttpServletRequest:
      HTTP Method = GET
      Request URI = /index
       Parameters = {username=[user01]}
          Headers = {}
             Body = null
    Session Attrs = {}

Handler:
             Type = edu.udacity.java.nano.WebSocketChatApplication
           Method = public org.springframework.web.servlet.ModelAndView edu.udacity.java.nano.WebSocketChatApplication.index(java.lang.String,javax.servlet.http.HttpServletRequest) throws java.net.UnknownHostException

Async:
    Async started = false
     Async result = null

Resolved Exception:
             Type = null

ModelAndView:
        View name = chat
             View = null
        Attribute = username
            value = user01

FlashMap:
       Attributes = null

MockHttpServletResponse:
           Status = 200
    Error message = null
          Headers = {Content-Language=[en], Content-Type=[text/html;charset=UTF-8]}
     Content type = text/html;charset=UTF-8
             Body = <!DOCTYPE html>
<html>
<head>
    <title>Chat Room</title>
    <meta charset="utf-8" name="viewport" content="width=device-width">
    <link rel="stylesheet" href="/webjars/mdui/0.4.0/dist/css/mdui.css">
    <script src="/webjars/jquery/3.3.1/jquery.min.js"></script>
    <script src="/webjars/mdui/0.4.0/dist/js/mdui.js"></script>
</head>
<body class="mdui-theme-primary-indigo mdui-theme-accent-pink">

<div style="margin-left:20px;margin-right:20px">
    <div class="mdui-toolbar mdui-color-theme">
        <span class="mdui-typo-title">Chat Room</span>
        <div class="mdui-toolbar-spacer"></div>
        <a class="mdui-btn mdui-btn-icon" href="/logout">
            <i class="mdui-icon material-icons">exit_to_app</i>
        </a>
    </div>
</div>

<div style="margin-left:20px;margin-right:20px">
    <div class="container_text">
        <div class="mdui-row">
            <div class="mdui-col-xs-12 mdui-col-sm-6">
                <div class="mdui-col-xs-12 mdui-col-sm-10">
                    <div class="mdui-textfield-floating-label" style="margin-top:15px">
                        <i class="mdui-icon">Welcome?</i>
                        <i class="mdui-icon" id="username">user01</i>
                    </div>
                </div>
                <div class="mdui-col-xs-12 mdui-col-sm-10">
                    <div class="mdui-textfield mdui-textfield-floating-label">
                        <i class="mdui-icon material-icons">textsms</i>
                        <label class="mdui-textfield-label">Send Text</label>
                        <input class="mdui-textfield-input" id="msg"/>
                    </div>
                    <div class="mdui-container" style="padding:20px 35px">
                        <button class="mdui-btn mdui-color-theme mdui-ripple"
                                onclick="sendMsgToServer()">Send [Enter]
                        </button>
                        <button class="mdui-btn mdui-color-theme mdui-ripple"
                                onclick="clearMsg()">Clear
                        </button>
                    </div>
                </div>
            </div>

            <div class="mdui-col-xs-6 mdui-col-sm-5" style="padding:10px 0">
                <div class="mdui-chip">
                    <span class="mdui-chip-icon mdui-color-blue">
                        <i class="mdui-icon material-icons">&#xe420;</i></span>
                    <span class="mdui-chip-title">Content</span>
                </div>

                <div class="mdui-chip">
                    <span class="mdui-chip-icon mdui-color-blue">
                        <i class="mdui-icon material-icons">face</i>
                    </span>
                    <span class="chat-num"></span>
                    <span class="mdui-chip-title">Online Users</span>
                </div>
                <div class="message-container" id="message-container"/>
            </div>
        </div>
    </div>
</div>

<script>

    /**
     * WebSocket Client
     *
     * 1?WebSocket client receive messages with callback. example?webSocket.onmessage
     * 2?WebSocket client send message to server. example?webSocket.send();
     */
    function getWebSocket() {
        /**
         * WebSocket client PS?URL shows WebSocket protocal, port number, and then end point.
         */
        var webSocket = new WebSocket('ws://localhost:8080/chat');
        /**
         * websocket open connection.
         */
        webSocket.onopen = function (event) {
            console.log('WebSocket open connection');
        };

        /**
         * Server send 1) broadcast message, 2) online users.
         */
        webSocket.onmessage = function (event) {
            console.log('WebSocket Receives?%c' + event.data, 'color:green');
            //Receive Message from Server
            var message = JSON.parse(event.data) || {};
            var messageContainer = $('.message-container');
            if (message.type === 'SPEAK') {
                messageContainer.append(
                    '<div class="mdui-card" style="margin: 10px 0;">' +
                    '<div class="mdui-card-primary">' +
                    '<div class="mdui-card-content message-content">' + message.username + "?" + message.msg + '</div>' +
                    '</div></div>');
            }
            $('.chat-num').text(message.onlineCount);
            var $cards = messageContainer.children('.mdui-card:visible').toArray();
            if ($cards.length > 5) {
                $cards.forEach(function (item, index) {
                    index < $cards.length - 5 && $(item).slideUp('fast');
                });
            }
        };

        /**
         * Close connection
         */
        webSocket.onclose = function (event) {
            console.log('WebSocket close connection.');
        };

        /**
         * Exception
         */
        webSocket.onerror = function (event) {
            console.log('WebSocket exception.');
        };
        return webSocket;
    }

    var webSocket = getWebSocket();


    /**
     * Send messages to server use webSocket.
     */
    function sendMsgToServer() {
        var $message = $('#msg');
        if ($message.val()) {
            webSocket.send(JSON.stringify({username: $('#username').text(), msg: $message.val()}));
            $message.val(null);
        }
    }

    /**
     * Clear screen
     */
    function clearMsg() {
        $(".message-container").empty();
    }

    /**
     * Enter to send message.
     */
    document.onkeydown = function (event) {
        var e = event || window.event || arguments.callee.caller.arguments[0];
        e.keyCode === 13 && sendMsgToServer();
    };

</script>

</body>
</html>



    Forwarded URL = null
   Redirected URL = null
          Cookies = []
]]></system-out>
  </testcase>
  <testcase name="leave" classname="edu.udacity.java.nano.ApplicationTest" time="0.01"/>
  <testcase name="login" classname="edu.udacity.java.nano.ApplicationTest" time="0.008"/>
</testsuite>